WARNING: Your kernel does not support swap limit capabilities or the cgroup is not mounted. Memory limited without swap.
fatal: write error: No space left on device
fatal: index-pack failed
fatal: reference is not a tree: a8b86b3ec659099e81d1ff9bc98aa96dc4478507
OpenJDK 64-Bit Server VM warning: Insufficient space for shared memory file:
   29
Try using the -Djava.io.tmpdir= option to select an alternate temp location.

Unable to correctly install Alfresco/alfresco-repository
OSError: [Errno 28] No space left on device

During handling of the above exception, another exception occurred:

Traceback (most recent call last):
  File "./bloat_report.py", line 38, in <module>
    json.dump(False, fd, indent=1)
OSError: [Errno 28] No space left on device
