WARNING: Your kernel does not support swap limit capabilities or the cgroup is not mounted. Memory limited without swap.
Traceback (most recent call last):
  File "/home/jdbl/core/Debloat.py", line 80, in depClean
    output = subprocess.check_output(cmd, shell=True)
  File "/usr/lib/python3.7/subprocess.py", line 395, in check_output
    **kwargs).stdout
  File "/usr/lib/python3.7/subprocess.py", line 487, in run
    output=stdout, stderr=stderr)
subprocess.CalledProcessError: Command 'cd /tmp/tmppbvdn1bs/ctz-utils; mvn -gs /home/jdbl/core/../maven-proxy.xml se.kth.castor:depclean-maven-plugin:1.1.0:depclean -Dcreate.pom.debloated=true -Dcreate.result.json=true > /home/jdbl/results/alx3apps_ctz-utils/f665c148cc7f9e6377a0f383c1a99a49c88f7171/depClean.log 2>&1' returned non-zero exit status 1.
[ERROR] Command 'cd /tmp/tmppbvdn1bs/ctz-utils; mvn -gs /home/jdbl/core/../maven-proxy.xml se.kth.castor:depclean-maven-plugin:1.1.0:depclean -Dcreate.pom.debloated=true -Dcreate.result.json=true > /home/jdbl/results/alx3apps_ctz-utils/f665c148cc7f9e6377a0f383c1a99a49c88f7171/depClean.log 2>&1' returned non-zero exit status 1.
[ERROR] Failed to execute goal on project date-utils: Could not resolve dependencies for project ru.concerteza.util:date-utils:jar:1.2.1: Failure to find ru.concerteza.util:common-utils:jar:1.2.1 in http://130.237.222.185:5956/ was cached in the local repository, resolution will not be reattempted until the update interval of tiny-maven-mirror has elapsed or updates are forced -> [Help 1]
[ERROR] 
[ERROR] To see the full stack trace of the errors, re-run Maven with the -e switch.
[ERROR] Re-run Maven using the -X switch to enable full debug logging.
[ERROR] 
[ERROR] For more information about the errors and possible solutions, please read the following articles:
[ERROR] [Help 1] http://cwiki.apache.org/confluence/display/MAVEN/DependencyResolutionException
[ERROR] 
[ERROR] After correcting the problems, you can resume the build with the command
[ERROR]   mvn <args> -rf :date-utils
ru.concerteza.util:ctz-utils:pom:1.2.1
\- junit:junit:jar:4.8.2:test

list index out of range
