WARNING: Your kernel does not support swap limit capabilities or the cgroup is not mounted. Memory limited without swap.
OpenJDK 64-Bit Server VM warning: Insufficient space for shared memory file:
   2278
Try using the -Djava.io.tmpdir= option to select an alternate temp location.

Traceback (most recent call last):
  File "/home/jdbl/core/Debloat.py", line 80, in depClean
    output = subprocess.check_output(cmd, shell=True)
  File "/usr/lib/python3.7/subprocess.py", line 395, in check_output
    **kwargs).stdout
  File "/usr/lib/python3.7/subprocess.py", line 487, in run
    output=stdout, stderr=stderr)
subprocess.CalledProcessError: Command 'cd /tmp/tmp17gjrq8w/kubernetes-assertions; mvn -gs /home/jdbl/core/../maven-proxy.xml se.kth.castor:depclean-maven-plugin:1.1.0:depclean -Dcreate.pom.debloated=true -Dcreate.result.json=true > /home/jdbl/results/fabric8io_kubernetes-assertions/86fa25c746b7625958257714c6bb180025374624/depClean.log 2>&1' returned non-zero exit status 1.
[ERROR] Command 'cd /tmp/tmp17gjrq8w/kubernetes-assertions; mvn -gs /home/jdbl/core/../maven-proxy.xml se.kth.castor:depclean-maven-plugin:1.1.0:depclean -Dcreate.pom.debloated=true -Dcreate.result.json=true > /home/jdbl/results/fabric8io_kubernetes-assertions/86fa25c746b7625958257714c6bb180025374624/depClean.log 2>&1' returned non-zero exit status 1.
[ERROR] Failed to execute goal org.apache.maven.plugins:maven-dependency-plugin:2.8:tree (default-cli) on project rest-utils: Cannot serialise project dependency graph: No space left on device -> [Help 1]
[ERROR] 
[ERROR] To see the full stack trace of the errors, re-run Maven with the -e switch.
[ERROR] Re-run Maven using the -X switch to enable full debug logging.
[ERROR] 
[ERROR] For more information about the errors and possible solutions, please read the following articles:
[ERROR] [Help 1] http://cwiki.apache.org/confluence/display/MAVEN/MojoExecutionException
[ERROR] 
[ERROR] After correcting the problems, you can resume the build with the command
[ERROR]   mvn <args> -rf :rest-utils
io.fabric8:fabric8-project:pom:2.2.77

list index out of range
