WARNING: Your kernel does not support swap limit capabilities or the cgroup is not mounted. Memory limited without swap.
error: copy-fd: write returned: No space left on device
fatal: cannot copy '/usr/share/git-core/templates/hooks/pre-applypatch.sample' to '/tmp/tmpsammfnz4/sqlite-jdbc/.git/hooks/pre-applypatch.sample': No space left on device
/bin/sh: 1: cd: can't cd to None
fatal: not a git repository (or any of the parent directories): .git
fatal: not a git repository (or any of the parent directories): .git
/bin/sh: 1: cd: can't cd to None
OpenJDK 64-Bit Server VM warning: Insufficient space for shared memory file:
   15
Try using the -Djava.io.tmpdir= option to select an alternate temp location.

Unable to correctly install xerial/sqlite-jdbc
Traceback (most recent call last):
  File "/home/jdbl/core/Project.py", line 30, in clone
    subprocess.check_call(cmd, shell=True)
  File "/usr/lib/python3.7/subprocess.py", line 347, in check_call
    raise CalledProcessError(retcode, cmd)
subprocess.CalledProcessError: Command 'cd /tmp/tmpsammfnz4;git clone -q --depth=1 https://github.com/xerial/sqlite-jdbc.git;' returned non-zero exit status 128.
OSError: [Errno 28] No space left on device

During handling of the above exception, another exception occurred:

Traceback (most recent call last):
  File "./bloat_report.py", line 38, in <module>
    json.dump(False, fd, indent=1)
OSError: [Errno 28] No space left on device
